INFO 14-07-22 11:31:23 Generating contour dataset: creighton
INFO 14-07-22 11:31:23 Extracting phrase contours...
INFO 14-07-22 11:31:23 Extracted 08 contours from nova001.krn
INFO 14-07-22 11:31:23 Extracted 04 contours from nova002.krn
INFO 14-07-22 11:31:23 Extracted 08 contours from nova003.krn
INFO 14-07-22 11:31:23 Extracted 04 contours from nova004.krn
INFO 14-07-22 11:31:24 Extracted 05 contours from nova005.krn
INFO 14-07-22 11:31:24 Extracted 04 contours from nova006.krn
INFO 14-07-22 11:31:24 Extracted 04 contours from nova007.krn
INFO 14-07-22 11:31:24 Extracted 04 contours from nova008.krn
INFO 14-07-22 11:31:24 Extracted 05 contours from nova009.krn
INFO 14-07-22 11:31:24 Extracted 05 contours from nova010.krn
INFO 14-07-22 11:31:24 Extracted 05 contours from nova011.krn
INFO 14-07-22 11:31:24 Extracted 04 contours from nova012.krn
INFO 14-07-22 11:31:24 Extracted 04 contours from nova013.krn
INFO 14-07-22 11:31:24 Extracted 06 contours from nova014.krn
INFO 14-07-22 11:31:24 Extracted 04 contours from nova015.krn
INFO 14-07-22 11:31:25 Extracted 04 contours from nova016.krn
INFO 14-07-22 11:31:25 Extracted 04 contours from nova017.krn
INFO 14-07-22 11:31:25 Extracted 06 contours from nova018.krn
INFO 14-07-22 11:31:25 Extracted 04 contours from nova019.krn
INFO 14-07-22 11:31:25 Extracted 08 contours from nova020.krn
INFO 14-07-22 11:31:25 Extracted 08 contours from nova021.krn
INFO 14-07-22 11:31:25 Extracted 03 contours from nova022.krn
INFO 14-07-22 11:31:25 Extracted 06 contours from nova023.krn
INFO 14-07-22 11:31:26 Extracted 08 contours from nova024.krn
INFO 14-07-22 11:31:26 Extracted 04 contours from nova025.krn
INFO 14-07-22 11:31:26 Extracted 05 contours from nova026.krn
INFO 14-07-22 11:31:26 Extracted 04 contours from nova027.krn
INFO 14-07-22 11:31:26 Extracted 04 contours from nova028.krn
INFO 14-07-22 11:31:26 Extracted 05 contours from nova029.krn
INFO 14-07-22 11:31:26 Extracted 04 contours from nova030.krn
INFO 14-07-22 11:31:26 Extracted 04 contours from nova031.krn
INFO 14-07-22 11:31:26 Extracted 06 contours from nova032.krn
INFO 14-07-22 11:31:26 Extracted 07 contours from nova033.krn
INFO 14-07-22 11:31:27 Extracted 04 contours from nova034.krn
INFO 14-07-22 11:31:27 Extracted 04 contours from nova035.krn
INFO 14-07-22 11:31:27 Extracted 04 contours from nova036.krn
INFO 14-07-22 11:31:27 Extracted 04 contours from nova037.krn
INFO 14-07-22 11:31:27 Extracted 04 contours from nova038.krn
INFO 14-07-22 11:31:27 Extracted 06 contours from nova039.krn
INFO 14-07-22 11:31:27 Extracted 04 contours from nova040.krn
INFO 14-07-22 11:31:27 Extracted 04 contours from nova041.krn
INFO 14-07-22 11:31:27 Extracted 08 contours from nova042.krn
INFO 14-07-22 11:31:28 Extracted 08 contours from nova043.krn
INFO 14-07-22 11:31:28 Extracted 04 contours from nova044a.krn
INFO 14-07-22 11:31:28 Extracted 04 contours from nova044b.krn
INFO 14-07-22 11:31:28 Extracted 04 contours from nova045.krn
INFO 14-07-22 11:31:28 Extracted 04 contours from nova046.krn
INFO 14-07-22 11:31:28 Extracted 04 contours from nova047.krn
INFO 14-07-22 11:31:28 Extracted 08 contours from nova048.krn
INFO 14-07-22 11:31:28 Extracted 08 contours from nova049.krn
INFO 14-07-22 11:31:29 Extracted 09 contours from nova050.krn
INFO 14-07-22 11:31:29 Extracted 08 contours from nova051.krn
INFO 14-07-22 11:31:29 Extracted 04 contours from nova052.krn
INFO 14-07-22 11:31:29 Extracted 08 contours from nova053.krn
INFO 14-07-22 11:31:29 Extracted 04 contours from nova054.krn
INFO 14-07-22 11:31:29 Extracted 04 contours from nova055.krn
INFO 14-07-22 11:31:29 Extracted 08 contours from nova056.krn
INFO 14-07-22 11:31:29 Extracted 12 contours from nova057.krn
INFO 14-07-22 11:31:30 Extracted 08 contours from nova058.krn
INFO 14-07-22 11:31:30 Extracted 08 contours from nova059.krn
INFO 14-07-22 11:31:30 Extracted 03 contours from nova060.krn
INFO 14-07-22 11:31:30 Extracted 04 contours from nova061.krn
INFO 14-07-22 11:31:30 Extracted 08 contours from nova062.krn
INFO 14-07-22 11:31:30 Extracted 04 contours from nova063.krn
INFO 14-07-22 11:31:30 Extracted 04 contours from nova064.krn
INFO 14-07-22 11:31:30 Extracted 04 contours from nova065.krn
INFO 14-07-22 11:31:31 Extracted 06 contours from nova066.krn
INFO 14-07-22 11:31:31 Extracted 08 contours from nova067.krn
INFO 14-07-22 11:31:31 Extracted 08 contours from nova068.krn
INFO 14-07-22 11:31:31 Extracted 06 contours from nova069.krn
INFO 14-07-22 11:31:31 Extracted 04 contours from nova070.krn
INFO 14-07-22 11:31:31 Extracted 04 contours from nova071.krn
INFO 14-07-22 11:31:31 Extracted 04 contours from nova072.krn
INFO 14-07-22 11:31:31 Extracted 08 contours from nova073.krn
INFO 14-07-22 11:31:31 Extracted 08 contours from nova074.krn
INFO 14-07-22 11:31:31 Extracted 06 contours from nova075.krn
INFO 14-07-22 11:31:32 Extracted 08 contours from nova076.krn
INFO 14-07-22 11:31:32 Extracted 08 contours from nova077.krn
INFO 14-07-22 11:31:32 Extracted 06 contours from nova078.krn
INFO 14-07-22 11:31:32 Extracted 07 contours from nova079.krn
INFO 14-07-22 11:31:32 Extracted 04 contours from nova080.krn
INFO 14-07-22 11:31:32 Extracted 12 contours from nova081.krn
INFO 14-07-22 11:31:32 Extracted 06 contours from nova082.krn
INFO 14-07-22 11:31:32 Extracted 04 contours from nova083.krn
INFO 14-07-22 11:31:32 Extracted 04 contours from nova084.krn
INFO 14-07-22 11:31:32 Extracted 04 contours from nova085.krn
INFO 14-07-22 11:31:33 Extracted 12 contours from nova086.krn
INFO 14-07-22 11:31:33 Extracted 08 contours from nova087.krn
INFO 14-07-22 11:31:33 Extracted 06 contours from nova088.krn
INFO 14-07-22 11:31:33 Extracted 05 contours from nova089.krn
INFO 14-07-22 11:31:33 Extracted 08 contours from nova090.krn
INFO 14-07-22 11:31:33 Extracted 06 contours from nova091.krn
INFO 14-07-22 11:31:33 Extracted 04 contours from nova092.krn
INFO 14-07-22 11:31:33 Extracted 09 contours from nova093.krn
INFO 14-07-22 11:31:33 Extracted 06 contours from nova094.krn
INFO 14-07-22 11:31:33 Extracted 07 contours from nova095.krn
INFO 14-07-22 11:31:34 Extracted 04 contours from nova096.krn
INFO 14-07-22 11:31:34 Extracted 04 contours from nova097.krn
INFO 14-07-22 11:31:34 Extracted 08 contours from nova098.krn
INFO 14-07-22 11:31:34 Extracted 04 contours from nova099.krn
INFO 14-07-22 11:31:34 Extracted 05 contours from nova100.krn
INFO 14-07-22 11:31:34 Extracted 08 contours from nova101.krn
INFO 14-07-22 11:31:34 Extracted 04 contours from nova102.krn
INFO 14-07-22 11:31:34 Extracted 08 contours from nova103.krn
INFO 14-07-22 11:31:34 Extracted 08 contours from nova104.krn
INFO 14-07-22 11:31:34 Extracted 04 contours from nova105.krn
INFO 14-07-22 11:31:35 Extracted 16 contours from nova106.krn
INFO 14-07-22 11:31:35 Extracted 04 contours from nova107.krn
INFO 14-07-22 11:31:35 Extracted 05 contours from nova108.krn
INFO 14-07-22 11:31:35 Extracted 04 contours from nova109.krn
INFO 14-07-22 11:31:35 Extracted 04 contours from nova110.krn
INFO 14-07-22 11:31:35 Extracted 04 contours from nova111.krn
INFO 14-07-22 11:31:35 Extracted 08 contours from nova112.krn
INFO 14-07-22 11:31:35 Extracted 04 contours from nova113.krn
INFO 14-07-22 11:31:35 Extracted 08 contours from nova114.krn
INFO 14-07-22 11:31:35 Extracted 08 contours from nova115.krn
INFO 14-07-22 11:31:36 Extracted 04 contours from nova116.krn
INFO 14-07-22 11:31:36 Extracted 07 contours from nova117.krn
INFO 14-07-22 11:31:36 Extracted 04 contours from nova118.krn
INFO 14-07-22 11:31:36 Extracted 04 contours from nova119.krn
INFO 14-07-22 11:31:36 Extracted 02 contours from nova120.krn
INFO 14-07-22 11:31:36 Extracted 04 contours from nova121a.krn
INFO 14-07-22 11:31:36 Extracted 04 contours from nova121b.krn
INFO 14-07-22 11:31:36 Extracted 05 contours from nova122.krn
INFO 14-07-22 11:31:36 Extracted 04 contours from nova123.krn
INFO 14-07-22 11:31:36 Extracted 05 contours from nova124.krn
INFO 14-07-22 11:31:36 Extracted 08 contours from nova125.krn
INFO 14-07-22 11:31:37 Extracted 06 contours from nova126.krn
INFO 14-07-22 11:31:37 Extracted 04 contours from nova127.krn
INFO 14-07-22 11:31:37 Extracted 08 contours from nova128.krn
INFO 14-07-22 11:31:37 Extracted 08 contours from nova129.krn
INFO 14-07-22 11:31:37 Extracted 08 contours from nova130.krn
INFO 14-07-22 11:31:37 Extracted 08 contours from nova131.krn
INFO 14-07-22 11:31:37 Extracted 08 contours from nova132.krn
INFO 14-07-22 11:31:37 Extracted 04 contours from nova133.krn
INFO 14-07-22 11:31:37 Extracted 08 contours from nova134.krn
INFO 14-07-22 11:31:37 Extracted 08 contours from nova135.krn
INFO 14-07-22 11:31:38 Extracted 04 contours from nova136.krn
INFO 14-07-22 11:31:38 Extracted 08 contours from nova137.krn
INFO 14-07-22 11:31:38 Extracted 08 contours from nova138.krn
INFO 14-07-22 11:31:38 Extracted 06 contours from nova139.krn
INFO 14-07-22 11:31:38 Extracted 04 contours from nova140.krn
INFO 14-07-22 11:31:38 Extracted 08 contours from nova141.krn
INFO 14-07-22 11:31:38 Extracted 04 contours from nova142.krn
INFO 14-07-22 11:31:38 Extracted 08 contours from nova143.krn
INFO 14-07-22 11:31:38 Extracted 04 contours from nova144.krn
INFO 14-07-22 11:31:38 Extracted 08 contours from nova145.krn
INFO 14-07-22 11:31:39 Extracted 04 contours from nova146.krn
INFO 14-07-22 11:31:39 Extracted 04 contours from nova147.krn
INFO 14-07-22 11:31:39 Extracted 04 contours from nova148.krn
INFO 14-07-22 11:31:39 Extracted 08 contours from nova149.krn
INFO 14-07-22 11:31:39 Extracted 08 contours from nova150.krn
INFO 14-07-22 11:31:39 Stored phrase contours to contours/creighton-phrase-contours.csv.gz
INFO 14-07-22 11:31:39 md5 checksum: fba74e821138600bcddbdaa08deb634d
INFO 14-07-22 11:31:39 >  Removed 79 duplicates; 804 contours left.
INFO 14-07-22 11:31:39 Stored shuffled outputs to contours/creighton-phrase-contours-indices.json
INFO 14-07-22 11:31:39 md5 checksum: ed99f0b8b878b797ec0008eb293baf5d
INFO 14-07-22 11:31:39 Extracting random contours with mean length lamb=9.78...
INFO 14-07-22 11:31:39 Extracted 10 contours from nova001.krn
INFO 14-07-22 11:31:39 Extracted 01 contours from nova002.krn
INFO 14-07-22 11:31:39 Extracted 06 contours from nova003.krn
INFO 14-07-22 11:31:39 Extracted 02 contours from nova004.krn
INFO 14-07-22 11:31:39 Extracted 03 contours from nova005.krn
INFO 14-07-22 11:31:40 Extracted 04 contours from nova006.krn
INFO 14-07-22 11:31:40 Extracted 02 contours from nova007.krn
INFO 14-07-22 11:31:40 Extracted 03 contours from nova008.krn
INFO 14-07-22 11:31:40 Extracted 04 contours from nova009.krn
INFO 14-07-22 11:31:40 Extracted 05 contours from nova010.krn
INFO 14-07-22 11:31:40 Extracted 05 contours from nova011.krn
INFO 14-07-22 11:31:40 Extracted 03 contours from nova012.krn
INFO 14-07-22 11:31:40 Extracted 03 contours from nova013.krn
INFO 14-07-22 11:31:40 Extracted 06 contours from nova014.krn
INFO 14-07-22 11:31:40 Extracted 05 contours from nova015.krn
INFO 14-07-22 11:31:40 Extracted 02 contours from nova016.krn
INFO 14-07-22 11:31:40 Extracted 04 contours from nova017.krn
INFO 14-07-22 11:31:40 Extracted 06 contours from nova018.krn
INFO 14-07-22 11:31:40 Extracted 05 contours from nova019.krn
INFO 14-07-22 11:31:40 Extracted 08 contours from nova020.krn
INFO 14-07-22 11:31:41 Extracted 05 contours from nova021.krn
INFO 14-07-22 11:31:41 Extracted 02 contours from nova022.krn
INFO 14-07-22 11:31:41 Extracted 04 contours from nova023.krn
INFO 14-07-22 11:31:41 Extracted 05 contours from nova024.krn
INFO 14-07-22 11:31:41 Extracted 02 contours from nova025.krn
INFO 14-07-22 11:31:41 Extracted 02 contours from nova026.krn
INFO 14-07-22 11:31:41 Extracted 02 contours from nova027.krn
INFO 14-07-22 11:31:41 Extracted 02 contours from nova028.krn
INFO 14-07-22 11:31:41 Extracted 05 contours from nova029.krn
INFO 14-07-22 11:31:41 Extracted 05 contours from nova030.krn
INFO 14-07-22 11:31:41 Extracted 01 contours from nova031.krn
INFO 14-07-22 11:31:41 Extracted 03 contours from nova032.krn
INFO 14-07-22 11:31:41 Extracted 05 contours from nova033.krn
INFO 14-07-22 11:31:41 Extracted 06 contours from nova034.krn
INFO 14-07-22 11:31:41 Extracted 03 contours from nova035.krn
INFO 14-07-22 11:31:42 Extracted 06 contours from nova036.krn
INFO 14-07-22 11:31:42 Extracted 02 contours from nova037.krn
INFO 14-07-22 11:31:42 Extracted 04 contours from nova038.krn
INFO 14-07-22 11:31:42 Extracted 06 contours from nova039.krn
INFO 14-07-22 11:31:42 Extracted 02 contours from nova040.krn
INFO 14-07-22 11:31:42 Extracted 04 contours from nova041.krn
INFO 14-07-22 11:31:42 Extracted 06 contours from nova042.krn
INFO 14-07-22 11:31:42 Extracted 06 contours from nova043.krn
INFO 14-07-22 11:31:42 Extracted 02 contours from nova044a.krn
INFO 14-07-22 11:31:42 Extracted 01 contours from nova044b.krn
INFO 14-07-22 11:31:42 Extracted 04 contours from nova045.krn
INFO 14-07-22 11:31:42 Extracted 04 contours from nova046.krn
INFO 14-07-22 11:31:42 Extracted 03 contours from nova047.krn
INFO 14-07-22 11:31:42 Extracted 05 contours from nova048.krn
INFO 14-07-22 11:31:42 Extracted 07 contours from nova049.krn
INFO 14-07-22 11:31:43 Extracted 05 contours from nova050.krn
INFO 14-07-22 11:31:43 Extracted 04 contours from nova051.krn
INFO 14-07-22 11:31:43 Extracted 04 contours from nova052.krn
INFO 14-07-22 11:31:43 Extracted 03 contours from nova053.krn
INFO 14-07-22 11:31:43 Extracted 03 contours from nova054.krn
INFO 14-07-22 11:31:43 Extracted 02 contours from nova055.krn
INFO 14-07-22 11:31:43 Extracted 05 contours from nova056.krn
INFO 14-07-22 11:31:43 Extracted 08 contours from nova057.krn
INFO 14-07-22 11:31:43 Extracted 05 contours from nova058.krn
INFO 14-07-22 11:31:43 Extracted 04 contours from nova059.krn
WARNING 14-07-22 11:31:43 Skipping nova060: ufunc 'nextafter' not supported for the input types, and the inputs could not be safely coerced to any supported types according to the casting rule ''safe''
INFO 14-07-22 11:31:43 Extracted 04 contours from nova061.krn
INFO 14-07-22 11:31:43 Extracted 05 contours from nova062.krn
INFO 14-07-22 11:31:43 Extracted 04 contours from nova063.krn
INFO 14-07-22 11:31:43 Extracted 04 contours from nova064.krn
WARNING 14-07-22 11:31:44 Skipping nova065: A contour should have at least three pitches
INFO 14-07-22 11:31:44 Extracted 04 contours from nova066.krn
INFO 14-07-22 11:31:44 Extracted 06 contours from nova067.krn
INFO 14-07-22 11:31:44 Extracted 07 contours from nova068.krn
INFO 14-07-22 11:31:44 Extracted 06 contours from nova069.krn
INFO 14-07-22 11:31:44 Extracted 02 contours from nova070.krn
INFO 14-07-22 11:31:44 Extracted 05 contours from nova071.krn
INFO 14-07-22 11:31:44 Extracted 05 contours from nova072.krn
INFO 14-07-22 11:31:44 Extracted 12 contours from nova073.krn
INFO 14-07-22 11:31:44 Extracted 05 contours from nova074.krn
INFO 14-07-22 11:31:44 Extracted 04 contours from nova075.krn
INFO 14-07-22 11:31:44 Extracted 06 contours from nova076.krn
INFO 14-07-22 11:31:44 Extracted 08 contours from nova077.krn
INFO 14-07-22 11:31:44 Extracted 07 contours from nova078.krn
INFO 14-07-22 11:31:44 Extracted 06 contours from nova079.krn
INFO 14-07-22 11:31:45 Extracted 06 contours from nova080.krn
INFO 14-07-22 11:31:45 Extracted 08 contours from nova081.krn
INFO 14-07-22 11:31:45 Extracted 08 contours from nova082.krn
INFO 14-07-22 11:31:45 Extracted 04 contours from nova083.krn
INFO 14-07-22 11:31:45 Extracted 01 contours from nova084.krn
INFO 14-07-22 11:31:45 Extracted 03 contours from nova085.krn
INFO 14-07-22 11:31:45 Extracted 10 contours from nova086.krn
INFO 14-07-22 11:31:45 Extracted 05 contours from nova087.krn
INFO 14-07-22 11:31:45 Extracted 06 contours from nova088.krn
INFO 14-07-22 11:31:45 Extracted 02 contours from nova089.krn
INFO 14-07-22 11:31:45 Extracted 07 contours from nova090.krn
INFO 14-07-22 11:31:45 Extracted 04 contours from nova091.krn
INFO 14-07-22 11:31:45 Extracted 02 contours from nova092.krn
INFO 14-07-22 11:31:45 Extracted 11 contours from nova093.krn
INFO 14-07-22 11:31:46 Extracted 03 contours from nova094.krn
INFO 14-07-22 11:31:46 Extracted 04 contours from nova095.krn
INFO 14-07-22 11:31:46 Extracted 06 contours from nova096.krn
INFO 14-07-22 11:31:46 Extracted 06 contours from nova097.krn
INFO 14-07-22 11:31:46 Extracted 07 contours from nova098.krn
INFO 14-07-22 11:31:46 Extracted 04 contours from nova099.krn
INFO 14-07-22 11:31:46 Extracted 05 contours from nova100.krn
INFO 14-07-22 11:31:46 Extracted 05 contours from nova101.krn
INFO 14-07-22 11:31:46 Extracted 03 contours from nova102.krn
INFO 14-07-22 11:31:46 Extracted 06 contours from nova103.krn
INFO 14-07-22 11:31:46 Extracted 07 contours from nova104.krn
INFO 14-07-22 11:31:46 Extracted 06 contours from nova105.krn
INFO 14-07-22 11:31:46 Extracted 10 contours from nova106.krn
INFO 14-07-22 11:31:46 Extracted 01 contours from nova107.krn
INFO 14-07-22 11:31:46 Extracted 05 contours from nova108.krn
INFO 14-07-22 11:31:47 Extracted 07 contours from nova109.krn
INFO 14-07-22 11:31:47 Extracted 06 contours from nova110.krn
INFO 14-07-22 11:31:47 Extracted 04 contours from nova111.krn
INFO 14-07-22 11:31:47 Extracted 04 contours from nova112.krn
INFO 14-07-22 11:31:47 Extracted 03 contours from nova113.krn
INFO 14-07-22 11:31:47 Extracted 04 contours from nova114.krn
INFO 14-07-22 11:31:47 Extracted 06 contours from nova115.krn
INFO 14-07-22 11:31:47 Extracted 05 contours from nova116.krn
INFO 14-07-22 11:31:47 Extracted 06 contours from nova117.krn
INFO 14-07-22 11:31:47 Extracted 01 contours from nova118.krn
WARNING 14-07-22 11:31:47 Skipping nova119: ufunc 'nextafter' not supported for the input types, and the inputs could not be safely coerced to any supported types according to the casting rule ''safe''
INFO 14-07-22 11:31:47 Extracted 02 contours from nova120.krn
INFO 14-07-22 11:31:47 Extracted 05 contours from nova121a.krn
INFO 14-07-22 11:31:47 Extracted 03 contours from nova121b.krn
INFO 14-07-22 11:31:47 Extracted 08 contours from nova122.krn
INFO 14-07-22 11:31:48 Extracted 07 contours from nova123.krn
INFO 14-07-22 11:31:48 Extracted 04 contours from nova124.krn
INFO 14-07-22 11:31:48 Extracted 05 contours from nova125.krn
INFO 14-07-22 11:31:48 Extracted 06 contours from nova126.krn
INFO 14-07-22 11:31:48 Extracted 03 contours from nova127.krn
INFO 14-07-22 11:31:48 Extracted 06 contours from nova128.krn
INFO 14-07-22 11:31:48 Extracted 09 contours from nova129.krn
INFO 14-07-22 11:31:48 Extracted 05 contours from nova130.krn
INFO 14-07-22 11:31:48 Extracted 10 contours from nova131.krn
INFO 14-07-22 11:31:48 Extracted 05 contours from nova132.krn
INFO 14-07-22 11:31:48 Extracted 04 contours from nova133.krn
INFO 14-07-22 11:31:48 Extracted 06 contours from nova134.krn
INFO 14-07-22 11:31:48 Extracted 06 contours from nova135.krn
INFO 14-07-22 11:31:48 Extracted 05 contours from nova136.krn
INFO 14-07-22 11:31:48 Extracted 04 contours from nova137.krn
INFO 14-07-22 11:31:49 Extracted 05 contours from nova138.krn
INFO 14-07-22 11:31:49 Extracted 06 contours from nova139.krn
INFO 14-07-22 11:31:49 Extracted 05 contours from nova140.krn
INFO 14-07-22 11:31:49 Extracted 07 contours from nova141.krn
INFO 14-07-22 11:31:49 Extracted 01 contours from nova142.krn
INFO 14-07-22 11:31:49 Extracted 05 contours from nova143.krn
INFO 14-07-22 11:31:49 Extracted 06 contours from nova144.krn
INFO 14-07-22 11:31:49 Extracted 05 contours from nova145.krn
INFO 14-07-22 11:31:49 Extracted 01 contours from nova146.krn
INFO 14-07-22 11:31:49 Extracted 03 contours from nova147.krn
INFO 14-07-22 11:31:49 Extracted 05 contours from nova148.krn
INFO 14-07-22 11:31:49 Extracted 05 contours from nova149.krn
INFO 14-07-22 11:31:49 Extracted 06 contours from nova150.krn
INFO 14-07-22 11:31:49 Mean length of random phrases: 8.88...
INFO 14-07-22 11:31:49 Stored random contours to contours/creighton-random-contours.csv.gz
INFO 14-07-22 11:31:49 md5 checksum: c28f1533dfc04d13ea0e25263fc66b47
INFO 14-07-22 11:31:49 >  Removed 4 duplicates; 704 contours left.
INFO 14-07-22 11:31:49 Stored shuffled outputs to contours/creighton-random-contours-indices.json
INFO 14-07-22 11:31:49 md5 checksum: 0ed593ad6f1b6b74ec382d3be21eb20b
