INFO 15-07-22 11:59:54 Generating contour dataset: liber-alleluias
INFO 15-07-22 11:59:54 Contours of alleluias from the Liber Usualis in GregoBaseCorpus v0.3
INFO 15-07-22 11:59:54 Number of alleluias in GregoBase: 701
INFO 15-07-22 11:59:54 Number of chants in the liber usualis: 2156
INFO 15-07-22 11:59:54 Number of alleluias in the Liber Usualis: 127
INFO 15-07-22 11:59:54 Extracted 11 contours from 00001.gabc
INFO 15-07-22 11:59:54 Extracted 11 contours from 00032.gabc
INFO 15-07-22 11:59:54 Extracted 10 contours from 00057.gabc
INFO 15-07-22 11:59:54 Extracted 14 contours from 00077.gabc
INFO 15-07-22 11:59:54 Extracted 06 contours from 00096.gabc
INFO 15-07-22 11:59:55 Extracted 09 contours from 00099.gabc
INFO 15-07-22 11:59:55 Extracted 09 contours from 00106.gabc
INFO 15-07-22 11:59:55 Extracted 14 contours from 00107.gabc
INFO 15-07-22 11:59:55 Extracted 12 contours from 00120.gabc
INFO 15-07-22 11:59:55 Extracted 17 contours from 00127.gabc
INFO 15-07-22 11:59:55 Extracted 09 contours from 00130.gabc
INFO 15-07-22 11:59:55 Extracted 10 contours from 00167.gabc
INFO 15-07-22 11:59:56 Extracted 12 contours from 00181.gabc
INFO 15-07-22 11:59:56 Extracted 07 contours from 00194.gabc
INFO 15-07-22 11:59:56 Extracted 14 contours from 00198.gabc
INFO 15-07-22 11:59:56 Extracted 18 contours from 00213.gabc
INFO 15-07-22 11:59:56 Extracted 08 contours from 00216.gabc
INFO 15-07-22 11:59:56 Extracted 15 contours from 00224.gabc
INFO 15-07-22 11:59:56 Extracted 07 contours from 00225.gabc
INFO 15-07-22 11:59:56 Extracted 07 contours from 00228.gabc
INFO 15-07-22 11:59:57 Extracted 11 contours from 00231.gabc
INFO 15-07-22 11:59:57 Extracted 10 contours from 00237.gabc
INFO 15-07-22 11:59:57 Extracted 15 contours from 00239.gabc
INFO 15-07-22 11:59:57 Extracted 16 contours from 00270.gabc
INFO 15-07-22 11:59:57 Extracted 14 contours from 00275.gabc
INFO 15-07-22 11:59:57 Extracted 10 contours from 00281.gabc
INFO 15-07-22 11:59:57 Extracted 14 contours from 00289.gabc
INFO 15-07-22 11:59:58 Extracted 09 contours from 00292.gabc
INFO 15-07-22 11:59:58 Extracted 16 contours from 00301.gabc
INFO 15-07-22 11:59:58 Extracted 12 contours from 00314.gabc
INFO 15-07-22 11:59:58 Extracted 10 contours from 00315.gabc
INFO 15-07-22 11:59:58 Extracted 10 contours from 00324.gabc
INFO 15-07-22 11:59:58 Extracted 17 contours from 00331.gabc
INFO 15-07-22 11:59:58 Extracted 11 contours from 00334.gabc
INFO 15-07-22 11:59:58 Extracted 05 contours from 00354.gabc
INFO 15-07-22 11:59:59 Extracted 08 contours from 00405.gabc
INFO 15-07-22 11:59:59 Extracted 14 contours from 00420.gabc
INFO 15-07-22 11:59:59 Extracted 18 contours from 00429.gabc
INFO 15-07-22 11:59:59 Extracted 08 contours from 00442.gabc
INFO 15-07-22 11:59:59 Extracted 17 contours from 00446.gabc
INFO 15-07-22 11:59:59 Extracted 09 contours from 00466.gabc
INFO 15-07-22 11:59:59 Extracted 09 contours from 00467.gabc
INFO 15-07-22 11:59:59 Extracted 14 contours from 00473.gabc
INFO 15-07-22 12:00:00 Extracted 11 contours from 00476.gabc
INFO 15-07-22 12:00:00 Extracted 13 contours from 00481.gabc
INFO 15-07-22 12:00:00 Extracted 07 contours from 00528.gabc
INFO 15-07-22 12:00:00 Extracted 14 contours from 00550.gabc
INFO 15-07-22 12:00:00 Extracted 09 contours from 00561.gabc
INFO 15-07-22 12:00:00 Extracted 09 contours from 00569.gabc
INFO 15-07-22 12:00:00 Extracted 12 contours from 00580.gabc
INFO 15-07-22 12:00:00 Extracted 10 contours from 00594.gabc
INFO 15-07-22 12:00:01 Extracted 09 contours from 00595.gabc
INFO 15-07-22 12:00:01 Extracted 10 contours from 00627.gabc
INFO 15-07-22 12:00:01 Extracted 09 contours from 00633.gabc
INFO 15-07-22 12:00:01 Extracted 12 contours from 00634.gabc
INFO 15-07-22 12:00:01 Extracted 11 contours from 00642.gabc
INFO 15-07-22 12:00:01 Extracted 08 contours from 00661.gabc
INFO 15-07-22 12:00:01 Extracted 09 contours from 00664.gabc
INFO 15-07-22 12:00:01 Extracted 15 contours from 00706.gabc
INFO 15-07-22 12:00:02 Extracted 15 contours from 00709.gabc
INFO 15-07-22 12:00:02 Extracted 10 contours from 00714.gabc
INFO 15-07-22 12:00:02 Extracted 10 contours from 00717.gabc
INFO 15-07-22 12:00:02 Extracted 15 contours from 00727.gabc
INFO 15-07-22 12:00:02 Extracted 10 contours from 00734.gabc
INFO 15-07-22 12:00:02 Extracted 16 contours from 00745.gabc
INFO 15-07-22 12:00:02 Extracted 13 contours from 00746.gabc
INFO 15-07-22 12:00:02 Extracted 15 contours from 00762.gabc
INFO 15-07-22 12:00:03 Extracted 15 contours from 00762.gabc
INFO 15-07-22 12:00:03 Extracted 10 contours from 00784.gabc
INFO 15-07-22 12:00:03 Extracted 16 contours from 00792.gabc
INFO 15-07-22 12:00:03 Extracted 12 contours from 00797.gabc
INFO 15-07-22 12:00:03 Extracted 12 contours from 00801.gabc
INFO 15-07-22 12:00:03 Extracted 17 contours from 00814.gabc
INFO 15-07-22 12:00:03 Extracted 10 contours from 00821.gabc
INFO 15-07-22 12:00:04 Extracted 10 contours from 00847.gabc
INFO 15-07-22 12:00:04 Extracted 09 contours from 00853.gabc
INFO 15-07-22 12:00:04 Extracted 08 contours from 00855.gabc
INFO 15-07-22 12:00:04 Extracted 13 contours from 00859.gabc
INFO 15-07-22 12:00:04 Extracted 16 contours from 00863.gabc
INFO 15-07-22 12:00:04 Extracted 12 contours from 00881.gabc
INFO 15-07-22 12:00:04 Extracted 10 contours from 00890.gabc
INFO 15-07-22 12:00:04 Extracted 10 contours from 00912.gabc
INFO 15-07-22 12:00:05 Extracted 09 contours from 00914.gabc
INFO 15-07-22 12:00:05 Extracted 09 contours from 00960.gabc
INFO 15-07-22 12:00:05 Extracted 18 contours from 00984.gabc
INFO 15-07-22 12:00:05 Extracted 16 contours from 00988.gabc
INFO 15-07-22 12:00:05 Extracted 12 contours from 01015.gabc
INFO 15-07-22 12:00:05 Extracted 11 contours from 01017.gabc
INFO 15-07-22 12:00:05 Extracted 19 contours from 01030.gabc
INFO 15-07-22 12:00:06 Extracted 10 contours from 01038.gabc
INFO 15-07-22 12:00:06 Extracted 15 contours from 01040.gabc
INFO 15-07-22 12:00:06 Extracted 10 contours from 01042.gabc
INFO 15-07-22 12:00:06 Extracted 11 contours from 01057.gabc
INFO 15-07-22 12:00:06 Extracted 10 contours from 01073.gabc
INFO 15-07-22 12:00:06 Extracted 10 contours from 01076.gabc
INFO 15-07-22 12:00:06 Extracted 13 contours from 01077.gabc
INFO 15-07-22 12:00:06 Extracted 21 contours from 01094.gabc
INFO 15-07-22 12:00:07 Extracted 17 contours from 01097.gabc
INFO 15-07-22 12:00:07 Extracted 10 contours from 01101.gabc
INFO 15-07-22 12:00:07 Extracted 12 contours from 01103.gabc
INFO 15-07-22 12:00:07 Extracted 13 contours from 01114.gabc
INFO 15-07-22 12:00:07 Extracted 09 contours from 01115.gabc
INFO 15-07-22 12:00:07 Extracted 13 contours from 01122.gabc
INFO 15-07-22 12:00:07 Extracted 13 contours from 01124.gabc
INFO 15-07-22 12:00:08 Extracted 11 contours from 01162.gabc
INFO 15-07-22 12:00:08 Extracted 14 contours from 01170.gabc
INFO 15-07-22 12:00:08 Extracted 16 contours from 01189.gabc
INFO 15-07-22 12:00:08 Extracted 10 contours from 01192.gabc
INFO 15-07-22 12:00:08 Extracted 15 contours from 01200.gabc
INFO 15-07-22 12:00:08 Extracted 12 contours from 01209.gabc
INFO 15-07-22 12:00:08 Extracted 11 contours from 01220.gabc
INFO 15-07-22 12:00:09 Extracted 10 contours from 01236.gabc
INFO 15-07-22 12:00:09 Extracted 17 contours from 01237.gabc
INFO 15-07-22 12:00:09 Extracted 15 contours from 01246.gabc
INFO 15-07-22 12:00:09 Extracted 16 contours from 01249.gabc
INFO 15-07-22 12:00:09 Extracted 26 contours from 01257.gabc
INFO 15-07-22 12:00:09 Extracted 11 contours from 01258.gabc
INFO 15-07-22 12:00:10 Extracted 12 contours from 01264.gabc
INFO 15-07-22 12:00:10 Extracted 10 contours from 01289.gabc
INFO 15-07-22 12:00:10 Extracted 10 contours from 01289.gabc
INFO 15-07-22 12:00:10 Extracted 08 contours from 01307.gabc
INFO 15-07-22 12:00:10 Extracted 09 contours from 01324.gabc
INFO 15-07-22 12:00:10 Extracted 14 contours from 01326.gabc
INFO 15-07-22 12:00:10 Extracted 14 contours from 01348.gabc
INFO 15-07-22 12:00:10 Extracted 09 contours from 01350.gabc
INFO 15-07-22 12:00:10 Extracted 12 contours from 01352.gabc
INFO 15-07-22 12:00:11 Extracted 15 contours from 08252.gabc
INFO 15-07-22 12:00:11 Stored phrase contours to contours/liber-alleluias-phrase-contours.csv.gz
INFO 15-07-22 12:00:11 md5 checksum: 52e90b95dddbf87244edcb6b22322a41
INFO 15-07-22 12:00:11 >  Removed 506 duplicates; 1021 contours left.
INFO 15-07-22 12:00:11 Stored shuffled outputs to contours/liber-alleluias-phrase-contours-indices.json
INFO 15-07-22 12:00:11 md5 checksum: 873a1671d74bdaf2f1e74e78f8030fb6
INFO 15-07-22 12:00:11 Extracting random contours with mean length lamb=15.60...
INFO 15-07-22 12:00:11 Extracted 10 contours from 00001.gabc
INFO 15-07-22 12:00:11 Extracted 10 contours from 00032.gabc
INFO 15-07-22 12:00:11 Extracted 10 contours from 00057.gabc
INFO 15-07-22 12:00:11 Extracted 13 contours from 00077.gabc
INFO 15-07-22 12:00:11 Extracted 06 contours from 00096.gabc
INFO 15-07-22 12:00:12 Extracted 07 contours from 00099.gabc
INFO 15-07-22 12:00:12 Extracted 07 contours from 00106.gabc
INFO 15-07-22 12:00:12 Extracted 14 contours from 00107.gabc
INFO 15-07-22 12:00:12 Extracted 08 contours from 00120.gabc
INFO 15-07-22 12:00:12 Extracted 11 contours from 00127.gabc
INFO 15-07-22 12:00:12 Extracted 11 contours from 00130.gabc
INFO 15-07-22 12:00:12 Extracted 08 contours from 00167.gabc
INFO 15-07-22 12:00:12 Extracted 09 contours from 00181.gabc
INFO 15-07-22 12:00:13 Extracted 07 contours from 00194.gabc
INFO 15-07-22 12:00:13 Extracted 15 contours from 00198.gabc
INFO 15-07-22 12:00:13 Extracted 15 contours from 00213.gabc
INFO 15-07-22 12:00:13 Extracted 09 contours from 00216.gabc
INFO 15-07-22 12:00:13 Extracted 11 contours from 00224.gabc
INFO 15-07-22 12:00:13 Extracted 06 contours from 00225.gabc
INFO 15-07-22 12:00:13 Extracted 06 contours from 00228.gabc
INFO 15-07-22 12:00:13 Extracted 12 contours from 00231.gabc
INFO 15-07-22 12:00:13 Extracted 10 contours from 00237.gabc
INFO 15-07-22 12:00:14 Extracted 14 contours from 00239.gabc
INFO 15-07-22 12:00:14 Extracted 14 contours from 00270.gabc
INFO 15-07-22 12:00:14 Extracted 11 contours from 00275.gabc
INFO 15-07-22 12:00:14 Extracted 09 contours from 00281.gabc
INFO 15-07-22 12:00:14 Extracted 15 contours from 00289.gabc
INFO 15-07-22 12:00:14 Extracted 08 contours from 00292.gabc
INFO 15-07-22 12:00:14 Extracted 13 contours from 00301.gabc
INFO 15-07-22 12:00:15 Extracted 09 contours from 00314.gabc
INFO 15-07-22 12:00:15 Extracted 10 contours from 00315.gabc
INFO 15-07-22 12:00:15 Extracted 09 contours from 00324.gabc
INFO 15-07-22 12:00:15 Extracted 13 contours from 00331.gabc
INFO 15-07-22 12:00:15 Extracted 11 contours from 00334.gabc
INFO 15-07-22 12:00:15 Extracted 03 contours from 00354.gabc
INFO 15-07-22 12:00:15 Extracted 06 contours from 00405.gabc
INFO 15-07-22 12:00:15 Extracted 13 contours from 00420.gabc
INFO 15-07-22 12:00:16 Extracted 13 contours from 00429.gabc
INFO 15-07-22 12:00:16 Extracted 06 contours from 00442.gabc
INFO 15-07-22 12:00:16 Extracted 12 contours from 00446.gabc
INFO 15-07-22 12:00:16 Extracted 09 contours from 00466.gabc
INFO 15-07-22 12:00:16 Extracted 09 contours from 00467.gabc
INFO 15-07-22 12:00:16 Extracted 13 contours from 00473.gabc
INFO 15-07-22 12:00:16 Extracted 08 contours from 00476.gabc
INFO 15-07-22 12:00:16 Extracted 15 contours from 00481.gabc
INFO 15-07-22 12:00:17 Extracted 06 contours from 00528.gabc
INFO 15-07-22 12:00:17 Extracted 13 contours from 00550.gabc
INFO 15-07-22 12:00:17 Extracted 08 contours from 00561.gabc
INFO 15-07-22 12:00:17 Extracted 07 contours from 00569.gabc
INFO 15-07-22 12:00:17 Extracted 11 contours from 00580.gabc
INFO 15-07-22 12:00:17 Extracted 09 contours from 00594.gabc
INFO 15-07-22 12:00:17 Extracted 08 contours from 00595.gabc
INFO 15-07-22 12:00:17 Extracted 06 contours from 00627.gabc
INFO 15-07-22 12:00:17 Extracted 11 contours from 00633.gabc
INFO 15-07-22 12:00:18 Extracted 13 contours from 00634.gabc
INFO 15-07-22 12:00:18 Extracted 10 contours from 00642.gabc
INFO 15-07-22 12:00:18 Extracted 06 contours from 00661.gabc
INFO 15-07-22 12:00:18 Extracted 06 contours from 00664.gabc
INFO 15-07-22 12:00:18 Extracted 11 contours from 00706.gabc
INFO 15-07-22 12:00:18 Extracted 12 contours from 00709.gabc
INFO 15-07-22 12:00:18 Extracted 09 contours from 00714.gabc
INFO 15-07-22 12:00:18 Extracted 10 contours from 00717.gabc
INFO 15-07-22 12:00:19 Extracted 15 contours from 00727.gabc
INFO 15-07-22 12:00:19 Extracted 09 contours from 00734.gabc
INFO 15-07-22 12:00:19 Extracted 13 contours from 00745.gabc
INFO 15-07-22 12:00:19 Extracted 12 contours from 00746.gabc
INFO 15-07-22 12:00:19 Extracted 12 contours from 00762.gabc
INFO 15-07-22 12:00:19 Extracted 14 contours from 00762.gabc
INFO 15-07-22 12:00:19 Extracted 08 contours from 00784.gabc
INFO 15-07-22 12:00:19 Extracted 13 contours from 00792.gabc
INFO 15-07-22 12:00:20 Extracted 15 contours from 00797.gabc
INFO 15-07-22 12:00:20 Extracted 13 contours from 00801.gabc
INFO 15-07-22 12:00:20 Extracted 13 contours from 00814.gabc
INFO 15-07-22 12:00:20 Extracted 11 contours from 00821.gabc
INFO 15-07-22 12:00:20 Extracted 10 contours from 00847.gabc
INFO 15-07-22 12:00:20 Extracted 10 contours from 00853.gabc
INFO 15-07-22 12:00:20 Extracted 07 contours from 00855.gabc
INFO 15-07-22 12:00:21 Extracted 10 contours from 00859.gabc
INFO 15-07-22 12:00:21 Extracted 12 contours from 00863.gabc
INFO 15-07-22 12:00:21 Extracted 13 contours from 00881.gabc
INFO 15-07-22 12:00:21 Extracted 12 contours from 00890.gabc
INFO 15-07-22 12:00:21 Extracted 08 contours from 00912.gabc
INFO 15-07-22 12:00:21 Extracted 09 contours from 00914.gabc
INFO 15-07-22 12:00:21 Extracted 07 contours from 00960.gabc
INFO 15-07-22 12:00:21 Extracted 14 contours from 00984.gabc
INFO 15-07-22 12:00:22 Extracted 12 contours from 00988.gabc
INFO 15-07-22 12:00:22 Extracted 10 contours from 01015.gabc
INFO 15-07-22 12:00:22 Extracted 09 contours from 01017.gabc
INFO 15-07-22 12:00:22 Extracted 16 contours from 01030.gabc
INFO 15-07-22 12:00:22 Extracted 09 contours from 01038.gabc
INFO 15-07-22 12:00:22 Extracted 13 contours from 01040.gabc
INFO 15-07-22 12:00:22 Extracted 08 contours from 01042.gabc
INFO 15-07-22 12:00:22 Extracted 14 contours from 01057.gabc
INFO 15-07-22 12:00:23 Extracted 08 contours from 01073.gabc
INFO 15-07-22 12:00:23 Extracted 12 contours from 01076.gabc
INFO 15-07-22 12:00:23 Extracted 10 contours from 01077.gabc
INFO 15-07-22 12:00:23 Extracted 18 contours from 01094.gabc
INFO 15-07-22 12:00:23 Extracted 16 contours from 01097.gabc
INFO 15-07-22 12:00:23 Extracted 07 contours from 01101.gabc
INFO 15-07-22 12:00:23 Extracted 10 contours from 01103.gabc
INFO 15-07-22 12:00:23 Extracted 11 contours from 01114.gabc
INFO 15-07-22 12:00:24 Extracted 10 contours from 01115.gabc
INFO 15-07-22 12:00:24 Extracted 11 contours from 01122.gabc
INFO 15-07-22 12:00:24 Extracted 11 contours from 01124.gabc
INFO 15-07-22 12:00:24 Extracted 09 contours from 01162.gabc
INFO 15-07-22 12:00:24 Extracted 09 contours from 01170.gabc
INFO 15-07-22 12:00:24 Extracted 14 contours from 01189.gabc
INFO 15-07-22 12:00:24 Extracted 07 contours from 01192.gabc
INFO 15-07-22 12:00:24 Extracted 11 contours from 01200.gabc
INFO 15-07-22 12:00:25 Extracted 12 contours from 01209.gabc
INFO 15-07-22 12:00:25 Extracted 11 contours from 01220.gabc
INFO 15-07-22 12:00:25 Extracted 07 contours from 01236.gabc
INFO 15-07-22 12:00:25 Extracted 15 contours from 01237.gabc
INFO 15-07-22 12:00:25 Extracted 12 contours from 01246.gabc
INFO 15-07-22 12:00:25 Extracted 13 contours from 01249.gabc
INFO 15-07-22 12:00:25 Extracted 25 contours from 01257.gabc
INFO 15-07-22 12:00:26 Extracted 11 contours from 01258.gabc
INFO 15-07-22 12:00:26 Extracted 09 contours from 01264.gabc
INFO 15-07-22 12:00:26 Extracted 07 contours from 01289.gabc
INFO 15-07-22 12:00:26 Extracted 07 contours from 01289.gabc
INFO 15-07-22 12:00:26 Extracted 04 contours from 01307.gabc
INFO 15-07-22 12:00:26 Extracted 10 contours from 01324.gabc
INFO 15-07-22 12:00:26 Extracted 10 contours from 01326.gabc
INFO 15-07-22 12:00:26 Extracted 15 contours from 01348.gabc
INFO 15-07-22 12:00:27 Extracted 09 contours from 01350.gabc
INFO 15-07-22 12:00:27 Extracted 11 contours from 01352.gabc
INFO 15-07-22 12:00:27 Extracted 14 contours from 08252.gabc
INFO 15-07-22 12:00:27 Mean length of random phrases: 15.59...
INFO 15-07-22 12:00:27 Stored random contours to contours/liber-alleluias-random-contours.csv.gz
INFO 15-07-22 12:00:27 md5 checksum: 469fcbecbc9a1003c05ba44cb94f7907
INFO 15-07-22 12:00:27 >  Removed 3 duplicates; 1338 contours left.
INFO 15-07-22 12:00:27 Stored shuffled outputs to contours/liber-alleluias-random-contours-indices.json
INFO 15-07-22 12:00:27 md5 checksum: 19845f9a526f8440a5e7313cb731b185
