INFO 15-07-22 11:58:17 Generating contour dataset: liber-responsories
INFO 15-07-22 11:58:17 Contours of responsories from the Liber Usualis in GregoBaseCorpus v0.3
INFO 15-07-22 11:58:17 Number of responsories in GregoBase: 375
INFO 15-07-22 11:58:17 Number of chants in the liber usualis: 2156
INFO 15-07-22 11:58:17 Number of responsories in the Liber Usualis: 70
INFO 15-07-22 11:58:17 Extracted 25 contours from 00376.gabc
INFO 15-07-22 11:58:17 Extracted 16 contours from 00513.gabc
INFO 15-07-22 11:58:17 Extracted 12 contours from 00606.gabc
INFO 15-07-22 11:58:17 Extracted 19 contours from 01152.gabc
INFO 15-07-22 11:58:18 Extracted 15 contours from 03026.gabc
INFO 15-07-22 11:58:18 Extracted 17 contours from 03051.gabc
INFO 15-07-22 11:58:18 Extracted 12 contours from 03056.gabc
INFO 15-07-22 11:58:19 Extracted 57 contours from 03058.gabc
INFO 15-07-22 11:58:19 Extracted 08 contours from 03059.gabc
INFO 15-07-22 11:58:19 Extracted 11 contours from 03063.gabc
INFO 15-07-22 11:58:19 Extracted 07 contours from 03064.gabc
WARNING 15-07-22 11:58:19 Skipping 03074: A contour should have at least three pitches
INFO 15-07-22 11:58:19 Extracted 17 contours from 03075.gabc
INFO 15-07-22 11:58:19 Extracted 10 contours from 03076.gabc
INFO 15-07-22 11:58:20 Extracted 12 contours from 03077.gabc
INFO 15-07-22 11:58:20 Extracted 11 contours from 03078.gabc
INFO 15-07-22 11:58:20 Extracted 10 contours from 03082.gabc
INFO 15-07-22 11:58:20 Extracted 11 contours from 03087.gabc
INFO 15-07-22 11:58:20 Extracted 11 contours from 03098.gabc
INFO 15-07-22 11:58:20 Extracted 09 contours from 03102.gabc
INFO 15-07-22 11:58:20 Extracted 10 contours from 03105.gabc
INFO 15-07-22 11:58:21 Extracted 13 contours from 03106.gabc
INFO 15-07-22 11:58:21 Extracted 07 contours from 03108.gabc
INFO 15-07-22 11:58:21 Extracted 12 contours from 03112.gabc
INFO 15-07-22 11:58:21 Extracted 12 contours from 03120.gabc
INFO 15-07-22 11:58:21 Extracted 11 contours from 03127.gabc
INFO 15-07-22 11:58:21 Extracted 06 contours from 03128.gabc
INFO 15-07-22 11:58:21 Extracted 10 contours from 03129.gabc
INFO 15-07-22 11:58:22 Extracted 18 contours from 03130.gabc
INFO 15-07-22 11:58:22 Extracted 12 contours from 03133.gabc
INFO 15-07-22 11:58:22 Extracted 13 contours from 03134.gabc
INFO 15-07-22 11:58:22 Extracted 15 contours from 03136.gabc
INFO 15-07-22 11:58:22 Extracted 07 contours from 03137.gabc
INFO 15-07-22 11:58:22 Extracted 16 contours from 03139.gabc
INFO 15-07-22 11:58:23 Extracted 16 contours from 03144.gabc
INFO 15-07-22 11:58:23 Extracted 08 contours from 03145.gabc
INFO 15-07-22 11:58:23 Extracted 10 contours from 03148.gabc
INFO 15-07-22 11:58:23 Extracted 13 contours from 03149.gabc
INFO 15-07-22 11:58:23 Extracted 16 contours from 03150.gabc
INFO 15-07-22 11:58:23 Extracted 10 contours from 03153.gabc
INFO 15-07-22 11:58:23 Extracted 05 contours from 03154.gabc
INFO 15-07-22 11:58:24 Extracted 14 contours from 03155.gabc
INFO 15-07-22 11:58:24 Extracted 12 contours from 03156.gabc
INFO 15-07-22 11:58:24 Extracted 12 contours from 03163.gabc
INFO 15-07-22 11:58:24 Extracted 16 contours from 03164.gabc
INFO 15-07-22 11:58:24 Extracted 12 contours from 03169.gabc
INFO 15-07-22 11:58:24 Extracted 12 contours from 03170.gabc
INFO 15-07-22 11:58:25 Extracted 17 contours from 03171.gabc
INFO 15-07-22 11:58:25 Extracted 08 contours from 03174.gabc
INFO 15-07-22 11:58:25 Extracted 36 contours from 03177.gabc
INFO 15-07-22 11:58:25 Extracted 08 contours from 03184.gabc
INFO 15-07-22 11:58:25 Extracted 12 contours from 03185.gabc
INFO 15-07-22 11:58:26 Extracted 10 contours from 03190.gabc
INFO 15-07-22 11:58:26 Extracted 11 contours from 03192.gabc
INFO 15-07-22 11:58:26 Extracted 15 contours from 03195.gabc
INFO 15-07-22 11:58:26 Extracted 05 contours from 03196.gabc
WARNING 15-07-22 11:58:26 Skipping 03197: A contour should have at least three pitches
WARNING 15-07-22 11:58:26 Skipping 03200: A contour should have at least three pitches
INFO 15-07-22 11:58:26 Extracted 07 contours from 03203.gabc
INFO 15-07-22 11:58:26 Extracted 12 contours from 03205.gabc
INFO 15-07-22 11:58:27 Extracted 10 contours from 03207.gabc
INFO 15-07-22 11:58:27 Extracted 12 contours from 03211.gabc
INFO 15-07-22 11:58:27 Extracted 05 contours from 03212.gabc
INFO 15-07-22 11:58:27 Extracted 13 contours from 03214.gabc
INFO 15-07-22 11:58:27 Extracted 20 contours from 03215.gabc
INFO 15-07-22 11:58:27 Extracted 18 contours from 03219.gabc
INFO 15-07-22 11:58:28 Extracted 13 contours from 03221.gabc
INFO 15-07-22 11:58:28 Extracted 13 contours from 03223.gabc
INFO 15-07-22 11:58:28 Extracted 08 contours from 03325.gabc
INFO 15-07-22 11:58:28 Extracted 40 contours from 09174.gabc
INFO 15-07-22 11:58:29 Stored phrase contours to contours/liber-responsories-phrase-contours.csv.gz
INFO 15-07-22 11:58:29 md5 checksum: 58f1070ddb169196b273a608ee81d2ca
INFO 15-07-22 11:58:29 >  Removed 110 duplicates; 791 contours left.
INFO 15-07-22 11:58:29 Stored shuffled outputs to contours/liber-responsories-phrase-contours-indices.json
INFO 15-07-22 11:58:29 md5 checksum: 8923f90fac125a9627512a92da416838
INFO 15-07-22 11:58:29 Extracting random contours with mean length lamb=16.70...
INFO 15-07-22 11:58:29 Extracted 16 contours from 00376.gabc
INFO 15-07-22 11:58:29 Extracted 12 contours from 00513.gabc
INFO 15-07-22 11:58:29 Extracted 10 contours from 00606.gabc
INFO 15-07-22 11:58:29 Extracted 15 contours from 01152.gabc
INFO 15-07-22 11:58:30 Extracted 14 contours from 03026.gabc
INFO 15-07-22 11:58:30 Extracted 16 contours from 03051.gabc
INFO 15-07-22 11:58:30 Extracted 09 contours from 03056.gabc
INFO 15-07-22 11:58:31 Extracted 65 contours from 03058.gabc
INFO 15-07-22 11:58:31 Extracted 09 contours from 03059.gabc
INFO 15-07-22 11:58:31 Extracted 13 contours from 03063.gabc
INFO 15-07-22 11:58:31 Extracted 02 contours from 03064.gabc
INFO 15-07-22 11:58:31 Extracted 14 contours from 03074.gabc
INFO 15-07-22 11:58:31 Extracted 17 contours from 03075.gabc
INFO 15-07-22 11:58:32 Extracted 10 contours from 03076.gabc
INFO 15-07-22 11:58:32 Extracted 11 contours from 03077.gabc
INFO 15-07-22 11:58:32 Extracted 12 contours from 03078.gabc
INFO 15-07-22 11:58:32 Extracted 06 contours from 03082.gabc
INFO 15-07-22 11:58:32 Extracted 10 contours from 03087.gabc
INFO 15-07-22 11:58:32 Extracted 10 contours from 03098.gabc
INFO 15-07-22 11:58:32 Extracted 03 contours from 03102.gabc
INFO 15-07-22 11:58:32 Extracted 08 contours from 03105.gabc
INFO 15-07-22 11:58:33 Extracted 12 contours from 03106.gabc
INFO 15-07-22 11:58:33 Extracted 01 contours from 03108.gabc
INFO 15-07-22 11:58:33 Extracted 12 contours from 03112.gabc
INFO 15-07-22 11:58:33 Extracted 08 contours from 03120.gabc
INFO 15-07-22 11:58:33 Extracted 16 contours from 03127.gabc
INFO 15-07-22 11:58:33 Extracted 01 contours from 03128.gabc
INFO 15-07-22 11:58:33 Extracted 08 contours from 03129.gabc
INFO 15-07-22 11:58:34 Extracted 17 contours from 03130.gabc
INFO 15-07-22 11:58:34 Extracted 09 contours from 03133.gabc
INFO 15-07-22 11:58:34 Extracted 12 contours from 03134.gabc
INFO 15-07-22 11:58:34 Extracted 13 contours from 03136.gabc
INFO 15-07-22 11:58:34 Extracted 01 contours from 03137.gabc
INFO 15-07-22 11:58:34 Extracted 18 contours from 03139.gabc
INFO 15-07-22 11:58:34 Extracted 14 contours from 03144.gabc
INFO 15-07-22 11:58:35 Extracted 08 contours from 03145.gabc
INFO 15-07-22 11:58:35 Extracted 08 contours from 03148.gabc
INFO 15-07-22 11:58:35 Extracted 13 contours from 03149.gabc
INFO 15-07-22 11:58:35 Extracted 11 contours from 03150.gabc
INFO 15-07-22 11:58:35 Extracted 13 contours from 03153.gabc
INFO 15-07-22 11:58:35 Extracted 01 contours from 03154.gabc
INFO 15-07-22 11:58:36 Extracted 16 contours from 03155.gabc
INFO 15-07-22 11:58:36 Extracted 10 contours from 03156.gabc
INFO 15-07-22 11:58:36 Extracted 14 contours from 03163.gabc
INFO 15-07-22 11:58:36 Extracted 11 contours from 03164.gabc
INFO 15-07-22 11:58:36 Extracted 15 contours from 03169.gabc
INFO 15-07-22 11:58:36 Extracted 11 contours from 03170.gabc
INFO 15-07-22 11:58:37 Extracted 16 contours from 03171.gabc
INFO 15-07-22 11:58:37 Extracted 01 contours from 03174.gabc
INFO 15-07-22 11:58:37 Extracted 37 contours from 03177.gabc
INFO 15-07-22 11:58:37 Extracted 10 contours from 03184.gabc
INFO 15-07-22 11:58:37 Extracted 11 contours from 03185.gabc
INFO 15-07-22 11:58:37 Extracted 08 contours from 03190.gabc
INFO 15-07-22 11:58:38 Extracted 14 contours from 03192.gabc
INFO 15-07-22 11:58:38 Extracted 13 contours from 03195.gabc
INFO 15-07-22 11:58:38 Extracted 01 contours from 03196.gabc
INFO 15-07-22 11:58:38 Extracted 11 contours from 03197.gabc
INFO 15-07-22 11:58:38 Extracted 09 contours from 03200.gabc
INFO 15-07-22 11:58:38 Extracted 02 contours from 03203.gabc
INFO 15-07-22 11:58:38 Extracted 11 contours from 03205.gabc
INFO 15-07-22 11:58:38 Extracted 10 contours from 03207.gabc
INFO 15-07-22 11:58:39 Extracted 13 contours from 03211.gabc
INFO 15-07-22 11:58:39 Extracted 01 contours from 03212.gabc
INFO 15-07-22 11:58:39 Extracted 12 contours from 03214.gabc
INFO 15-07-22 11:58:39 Extracted 14 contours from 03215.gabc
INFO 15-07-22 11:58:39 Extracted 19 contours from 03219.gabc
INFO 15-07-22 11:58:39 Extracted 17 contours from 03221.gabc
INFO 15-07-22 11:58:40 Extracted 08 contours from 03223.gabc
INFO 15-07-22 11:58:40 Extracted 08 contours from 03325.gabc
INFO 15-07-22 11:58:40 Extracted 33 contours from 09174.gabc
INFO 15-07-22 11:58:40 Mean length of random phrases: 16.71...
INFO 15-07-22 11:58:40 Stored random contours to contours/liber-responsories-random-contours.csv.gz
INFO 15-07-22 11:58:40 md5 checksum: 1ad9c5dcf0b3b083a0d7a09bcd97bc36
INFO 15-07-22 11:58:40 >  Removed 0 duplicates; 834 contours left.
INFO 15-07-22 11:58:40 Stored shuffled outputs to contours/liber-responsories-random-contours-indices.json
INFO 15-07-22 11:58:40 md5 checksum: cfc53970753125251e416ab062afdd7a
