INFO 14-07-22 11:36:23 Generating contour dataset: natmin
INFO 14-07-22 11:36:23 Extracting phrase contours...
INFO 14-07-22 11:36:24 Extracted 03 contours from natmn001.krn
INFO 14-07-22 11:36:24 Extracted 04 contours from natmn002.krn
INFO 14-07-22 11:36:24 Extracted 03 contours from natmn003.krn
INFO 14-07-22 11:36:24 Extracted 06 contours from natmn004.krn
INFO 14-07-22 11:36:24 Extracted 02 contours from natmn005.krn
INFO 14-07-22 11:36:24 Extracted 04 contours from natmn006.krn
INFO 14-07-22 11:36:24 Extracted 08 contours from natmn007.krn
INFO 14-07-22 11:36:24 Extracted 06 contours from natmn008.krn
INFO 14-07-22 11:36:25 Extracted 12 contours from natmn009.krn
INFO 14-07-22 11:36:25 Extracted 12 contours from natmn010.krn
INFO 14-07-22 11:36:25 Extracted 08 contours from natmn011.krn
INFO 14-07-22 11:36:25 Extracted 04 contours from natmn012.krn
INFO 14-07-22 11:36:25 Extracted 11 contours from natmn013.krn
INFO 14-07-22 11:36:25 Extracted 05 contours from natmn014.krn
INFO 14-07-22 11:36:26 Extracted 04 contours from natmn015.krn
INFO 14-07-22 11:36:26 Extracted 04 contours from natmn016.krn
INFO 14-07-22 11:36:26 Extracted 05 contours from natmn017.krn
INFO 14-07-22 11:36:26 Extracted 04 contours from natmn018.krn
INFO 14-07-22 11:36:26 Extracted 06 contours from natmn019.krn
INFO 14-07-22 11:36:27 Extracted 16 contours from natmn020.krn
INFO 14-07-22 11:36:27 Extracted 04 contours from natmn021.krn
INFO 14-07-22 11:36:27 Extracted 04 contours from natmn022.krn
INFO 14-07-22 11:36:27 Extracted 09 contours from natmn023.krn
INFO 14-07-22 11:36:27 Extracted 10 contours from natmn024.krn
INFO 14-07-22 11:36:27 Extracted 09 contours from natmn025.krn
INFO 14-07-22 11:36:28 Extracted 05 contours from natmn026.krn
INFO 14-07-22 11:36:28 Extracted 13 contours from natmn027.krn
INFO 14-07-22 11:36:28 Extracted 09 contours from natmn028.krn
INFO 14-07-22 11:36:28 Extracted 17 contours from natmn029.krn
INFO 14-07-22 11:36:29 Extracted 21 contours from natmn030.krn
INFO 14-07-22 11:36:29 Extracted 06 contours from natmn031.krn
INFO 14-07-22 11:36:29 Extracted 12 contours from natmn032.krn
INFO 14-07-22 11:36:29 Extracted 07 contours from natmn033.krn
INFO 14-07-22 11:36:29 Extracted 04 contours from natmn034.krn
INFO 14-07-22 11:36:30 Extracted 09 contours from natmn035.krn
INFO 14-07-22 11:36:30 Extracted 04 contours from natmn036.krn
INFO 14-07-22 11:36:30 Extracted 12 contours from natmn037.krn
INFO 14-07-22 11:36:30 Extracted 05 contours from natmn038.krn
INFO 14-07-22 11:36:30 Extracted 08 contours from natmn039.krn
INFO 14-07-22 11:36:30 Extracted 04 contours from natmn040.krn
INFO 14-07-22 11:36:30 Extracted 06 contours from natmn041.krn
INFO 14-07-22 11:36:31 Extracted 03 contours from natmn042.krn
INFO 14-07-22 11:36:31 Extracted 04 contours from natmn043.krn
INFO 14-07-22 11:36:31 Extracted 04 contours from natmn044.krn
INFO 14-07-22 11:36:31 Extracted 08 contours from natmn045.krn
INFO 14-07-22 11:36:31 Extracted 28 contours from natmn046.krn
INFO 14-07-22 11:36:32 Extracted 14 contours from natmn047.krn
INFO 14-07-22 11:36:32 Extracted 04 contours from natmn048.krn
INFO 14-07-22 11:36:32 Extracted 03 contours from natmn049.krn
INFO 14-07-22 11:36:32 Extracted 04 contours from natmn050.krn
INFO 14-07-22 11:36:33 Extracted 22 contours from natmn051.krn
INFO 14-07-22 11:36:33 Extracted 08 contours from natmn052.krn
INFO 14-07-22 11:36:33 Extracted 04 contours from natmn053.krn
INFO 14-07-22 11:36:33 Extracted 10 contours from natmn054.krn
INFO 14-07-22 11:36:33 Extracted 04 contours from natmn055.krn
INFO 14-07-22 11:36:33 Extracted 08 contours from natmn056.krn
INFO 14-07-22 11:36:33 Extracted 03 contours from natmn057.krn
INFO 14-07-22 11:36:34 Extracted 09 contours from natmn058.krn
INFO 14-07-22 11:36:34 Extracted 03 contours from natmn059.krn
INFO 14-07-22 11:36:34 Extracted 04 contours from natmn060.krn
INFO 14-07-22 11:36:34 Extracted 07 contours from natmn061.krn
INFO 14-07-22 11:36:34 Extracted 08 contours from natmn062.krn
INFO 14-07-22 11:36:34 Extracted 05 contours from natmn063.krn
INFO 14-07-22 11:36:35 Extracted 04 contours from natmn064.krn
INFO 14-07-22 11:36:35 Extracted 04 contours from natmn065.krn
INFO 14-07-22 11:36:35 Extracted 07 contours from natmn066.krn
INFO 14-07-22 11:36:35 Extracted 04 contours from natmn067.krn
INFO 14-07-22 11:36:35 Extracted 02 contours from natmn068.krn
INFO 14-07-22 11:36:35 Extracted 05 contours from natmn069.krn
INFO 14-07-22 11:36:35 Extracted 02 contours from natmn070.krn
INFO 14-07-22 11:36:35 Extracted 04 contours from natmn071.krn
INFO 14-07-22 11:36:35 Extracted 04 contours from natmn072.krn
INFO 14-07-22 11:36:36 Extracted 03 contours from natmn073.krn
INFO 14-07-22 11:36:36 Extracted 05 contours from natmn074.krn
INFO 14-07-22 11:36:36 Extracted 04 contours from natmn075.krn
INFO 14-07-22 11:36:36 Extracted 04 contours from natmn076.krn
INFO 14-07-22 11:36:36 Extracted 08 contours from natmn077.krn
INFO 14-07-22 11:36:36 Extracted 09 contours from natmn078.krn
INFO 14-07-22 11:36:37 Extracted 09 contours from natmn079.krn
INFO 14-07-22 11:36:37 Extracted 04 contours from natmn080.krn
WARNING 14-07-22 11:36:37 Skipping natmn081: A contour should have at least three pitches
INFO 14-07-22 11:36:37 Extracted 10 contours from natmn082.krn
INFO 14-07-22 11:36:37 Extracted 10 contours from natmn083.krn
INFO 14-07-22 11:36:37 Extracted 07 contours from natmn084.krn
INFO 14-07-22 11:36:37 Extracted 04 contours from natmn085.krn
INFO 14-07-22 11:36:37 Extracted 04 contours from natmn086.krn
INFO 14-07-22 11:36:38 Extracted 07 contours from natmn087.krn
INFO 14-07-22 11:36:38 Extracted 09 contours from natmn088.krn
INFO 14-07-22 11:36:38 Extracted 23 contours from natmn089.krn
INFO 14-07-22 11:36:38 Extracted 04 contours from natmn090.krn
INFO 14-07-22 11:36:39 Extracted 05 contours from natmn091.krn
INFO 14-07-22 11:36:39 Extracted 04 contours from natmn092.krn
INFO 14-07-22 11:36:39 Extracted 04 contours from natmn093.krn
INFO 14-07-22 11:36:39 Extracted 04 contours from natmn094.krn
INFO 14-07-22 11:36:39 Extracted 04 contours from natmn095.krn
INFO 14-07-22 11:36:39 Extracted 04 contours from natmn096.krn
INFO 14-07-22 11:36:39 Extracted 05 contours from natmn097.krn
INFO 14-07-22 11:36:39 Extracted 04 contours from natmn098.krn
INFO 14-07-22 11:36:39 Extracted 05 contours from natmn099.krn
INFO 14-07-22 11:36:40 Extracted 04 contours from natmn100.krn
INFO 14-07-22 11:36:40 Extracted 04 contours from natmn101.krn
INFO 14-07-22 11:36:40 Extracted 06 contours from natmn102.krn
INFO 14-07-22 11:36:40 Extracted 04 contours from natmn103.krn
INFO 14-07-22 11:36:40 Extracted 04 contours from natmn104.krn
INFO 14-07-22 11:36:40 Extracted 05 contours from natmn105.krn
INFO 14-07-22 11:36:40 Extracted 08 contours from natmn106.krn
INFO 14-07-22 11:36:40 Extracted 02 contours from natmn107.krn
INFO 14-07-22 11:36:40 Extracted 04 contours from natmn108.krn
INFO 14-07-22 11:36:40 Extracted 04 contours from natmn109.krn
INFO 14-07-22 11:36:41 Extracted 06 contours from natmn110.krn
INFO 14-07-22 11:36:41 Extracted 04 contours from natmn111.krn
INFO 14-07-22 11:36:41 Extracted 04 contours from natmn112.krn
INFO 14-07-22 11:36:41 Extracted 04 contours from natmn113.krn
INFO 14-07-22 11:36:41 Extracted 07 contours from natmn114.krn
INFO 14-07-22 11:36:41 Extracted 04 contours from natmn115.krn
INFO 14-07-22 11:36:41 Extracted 06 contours from natmn116.krn
INFO 14-07-22 11:36:41 Extracted 04 contours from natmn117.krn
INFO 14-07-22 11:36:41 Extracted 03 contours from natmn118.krn
INFO 14-07-22 11:36:42 Extracted 04 contours from natmn119.krn
INFO 14-07-22 11:36:42 Extracted 03 contours from natmn120.krn
INFO 14-07-22 11:36:42 Extracted 04 contours from natmn121.krn
INFO 14-07-22 11:36:42 Extracted 04 contours from natmn122.krn
INFO 14-07-22 11:36:42 Extracted 04 contours from natmn123.krn
INFO 14-07-22 11:36:42 Extracted 04 contours from natmn124.krn
INFO 14-07-22 11:36:42 Extracted 15 contours from natmn125.krn
INFO 14-07-22 11:36:43 Extracted 18 contours from natmn126.krn
INFO 14-07-22 11:36:43 Extracted 04 contours from natmn127.krn
INFO 14-07-22 11:36:43 Extracted 17 contours from natmn128.krn
INFO 14-07-22 11:36:43 Extracted 04 contours from natmn129.krn
INFO 14-07-22 11:36:43 Extracted 05 contours from natmn130.krn
INFO 14-07-22 11:36:43 Extracted 04 contours from natmn131.krn
INFO 14-07-22 11:36:43 Extracted 04 contours from natmn132.krn
INFO 14-07-22 11:36:44 Extracted 04 contours from natmn133.krn
INFO 14-07-22 11:36:44 Extracted 04 contours from natmn134.krn
INFO 14-07-22 11:36:44 Extracted 04 contours from natmn135.krn
INFO 14-07-22 11:36:44 Extracted 02 contours from natmn136.krn
INFO 14-07-22 11:36:44 Extracted 06 contours from natmn137.krn
INFO 14-07-22 11:36:44 Extracted 04 contours from natmn138.krn
INFO 14-07-22 11:36:44 Extracted 04 contours from natmn139.krn
INFO 14-07-22 11:36:44 Extracted 04 contours from natmn140.krn
INFO 14-07-22 11:36:45 Extracted 12 contours from natmn141.krn
INFO 14-07-22 11:36:45 Extracted 04 contours from natmn142.krn
INFO 14-07-22 11:36:45 Extracted 02 contours from natmn143.krn
INFO 14-07-22 11:36:45 Extracted 04 contours from natmn144.krn
INFO 14-07-22 11:36:45 Extracted 04 contours from natmn145.krn
INFO 14-07-22 11:36:45 Extracted 02 contours from natmn146.krn
INFO 14-07-22 11:36:45 Extracted 04 contours from natmn147.krn
INFO 14-07-22 11:36:45 Extracted 04 contours from natmn148.krn
INFO 14-07-22 11:36:45 Extracted 04 contours from natmn149.krn
INFO 14-07-22 11:36:45 Extracted 04 contours from natmn150.krn
INFO 14-07-22 11:36:45 Extracted 02 contours from natmn151.krn
INFO 14-07-22 11:36:46 Extracted 04 contours from natmn152.krn
INFO 14-07-22 11:36:46 Extracted 02 contours from natmn153.krn
INFO 14-07-22 11:36:46 Extracted 04 contours from natmn154.krn
INFO 14-07-22 11:36:46 Extracted 04 contours from natmn155.krn
INFO 14-07-22 11:36:46 Extracted 04 contours from natmn156.krn
INFO 14-07-22 11:36:46 Extracted 06 contours from natmn157.krn
INFO 14-07-22 11:36:46 Extracted 06 contours from natmn158.krn
INFO 14-07-22 11:36:46 Extracted 06 contours from natmn159.krn
INFO 14-07-22 11:36:46 Extracted 03 contours from natmn160.krn
INFO 14-07-22 11:36:47 Extracted 04 contours from natmn161.krn
INFO 14-07-22 11:36:47 Extracted 04 contours from natmn162.krn
INFO 14-07-22 11:36:47 Extracted 08 contours from natmn163.krn
INFO 14-07-22 11:36:47 Extracted 04 contours from natmn164.krn
INFO 14-07-22 11:36:47 Extracted 05 contours from natmn165.krn
INFO 14-07-22 11:36:47 Extracted 06 contours from natmn166.krn
INFO 14-07-22 11:36:47 Extracted 04 contours from natmn167.krn
INFO 14-07-22 11:36:48 Extracted 04 contours from natmn168.krn
INFO 14-07-22 11:36:48 Extracted 08 contours from natmn169.krn
INFO 14-07-22 11:36:48 Extracted 05 contours from natmn170.krn
INFO 14-07-22 11:36:48 Extracted 08 contours from natmn171.krn
INFO 14-07-22 11:36:48 Extracted 06 contours from natmn172.krn
INFO 14-07-22 11:36:48 Extracted 07 contours from natmn173.krn
INFO 14-07-22 11:36:48 Extracted 10 contours from natmn174.krn
INFO 14-07-22 11:36:49 Extracted 07 contours from natmn175.krn
INFO 14-07-22 11:36:49 Extracted 04 contours from natmn176.krn
INFO 14-07-22 11:36:49 Extracted 04 contours from natmn177.krn
INFO 14-07-22 11:36:49 Extracted 06 contours from natmn178.krn
WARNING 14-07-22 11:36:49 Skipping natmn179: list index out of range
INFO 14-07-22 11:36:49 Extracted 08 contours from natmn180.krn
INFO 14-07-22 11:36:49 Extracted 04 contours from natmn181.krn
INFO 14-07-22 11:36:50 Extracted 04 contours from natmn182.krn
INFO 14-07-22 11:36:50 Extracted 10 contours from natmn183.krn
INFO 14-07-22 11:36:50 Extracted 08 contours from natmn184.krn
INFO 14-07-22 11:36:50 Extracted 06 contours from natmn185.krn
INFO 14-07-22 11:36:50 Extracted 09 contours from natmn186.krn
INFO 14-07-22 11:36:50 Extracted 12 contours from natmn187.krn
INFO 14-07-22 11:36:51 Extracted 04 contours from natmn188.krn
INFO 14-07-22 11:36:51 Extracted 04 contours from natmn189.krn
INFO 14-07-22 11:36:51 Extracted 10 contours from natmn190.krn
INFO 14-07-22 11:36:51 Extracted 07 contours from natmn191.krn
INFO 14-07-22 11:36:51 Extracted 02 contours from natmn192.krn
INFO 14-07-22 11:36:51 Extracted 12 contours from natmn193.krn
INFO 14-07-22 11:36:51 Extracted 04 contours from natmn194.krn
INFO 14-07-22 11:36:52 Extracted 09 contours from natmn195.krn
INFO 14-07-22 11:36:52 Extracted 06 contours from natmn196.krn
INFO 14-07-22 11:36:52 Extracted 09 contours from natmn197.krn
WARNING 14-07-22 11:36:52 Skipping natmn198: list index out of range
INFO 14-07-22 11:36:52 Extracted 05 contours from natmn199.krn
INFO 14-07-22 11:36:52 Extracted 02 contours from natmn200.krn
INFO 14-07-22 11:36:52 Extracted 03 contours from natmn201.krn
INFO 14-07-22 11:36:53 Extracted 06 contours from natmn202.krn
INFO 14-07-22 11:36:53 Extracted 04 contours from natmn203.krn
INFO 14-07-22 11:36:53 Extracted 10 contours from natmn204.krn
INFO 14-07-22 11:36:53 Extracted 14 contours from natmn205.krn
INFO 14-07-22 11:36:53 Extracted 06 contours from natmn206.krn
INFO 14-07-22 11:36:53 Stored phrase contours to contours/natmin-phrase-contours.csv.gz
INFO 14-07-22 11:36:53 md5 checksum: f71fad13da7c5806c1a197f4dfcb6f61
INFO 14-07-22 11:36:53 >  Removed 197 duplicates; 1054 contours left.
INFO 14-07-22 11:36:53 Stored shuffled outputs to contours/natmin-phrase-contours-indices.json
INFO 14-07-22 11:36:53 md5 checksum: 65671fc5f023013a450ffa3d30ddc0cd
INFO 14-07-22 11:36:53 Extracting random contours with mean length lamb=11.44...
INFO 14-07-22 11:36:53 Extracted 01 contours from natmn001.krn
INFO 14-07-22 11:36:54 Extracted 07 contours from natmn002.krn
INFO 14-07-22 11:36:54 Extracted 01 contours from natmn003.krn
INFO 14-07-22 11:36:54 Extracted 03 contours from natmn004.krn
INFO 14-07-22 11:36:54 Extracted 01 contours from natmn005.krn
INFO 14-07-22 11:36:54 Extracted 03 contours from natmn006.krn
INFO 14-07-22 11:36:54 Extracted 08 contours from natmn007.krn
INFO 14-07-22 11:36:54 Extracted 03 contours from natmn008.krn
INFO 14-07-22 11:36:54 Extracted 04 contours from natmn009.krn
INFO 14-07-22 11:36:54 Extracted 14 contours from natmn010.krn
INFO 14-07-22 11:36:54 Extracted 04 contours from natmn011.krn
INFO 14-07-22 11:36:54 Extracted 01 contours from natmn012.krn
INFO 14-07-22 11:36:54 Extracted 15 contours from natmn013.krn
INFO 14-07-22 11:36:54 Extracted 03 contours from natmn014.krn
INFO 14-07-22 11:36:55 Extracted 02 contours from natmn015.krn
INFO 14-07-22 11:36:55 Extracted 07 contours from natmn016.krn
INFO 14-07-22 11:36:55 Extracted 04 contours from natmn017.krn
INFO 14-07-22 11:36:55 Extracted 03 contours from natmn018.krn
WARNING 14-07-22 11:36:55 Skipping natmn019: ufunc 'nextafter' not supported for the input types, and the inputs could not be safely coerced to any supported types according to the casting rule ''safe''
WARNING 14-07-22 11:36:55 Skipping natmn020: ufunc 'nextafter' not supported for the input types, and the inputs could not be safely coerced to any supported types according to the casting rule ''safe''
INFO 14-07-22 11:36:55 Extracted 04 contours from natmn021.krn
INFO 14-07-22 11:36:55 Extracted 03 contours from natmn022.krn
INFO 14-07-22 11:36:55 Extracted 11 contours from natmn023.krn
INFO 14-07-22 11:36:55 Extracted 06 contours from natmn024.krn
INFO 14-07-22 11:36:55 Extracted 07 contours from natmn025.krn
INFO 14-07-22 11:36:55 Extracted 06 contours from natmn026.krn
INFO 14-07-22 11:36:55 Extracted 11 contours from natmn027.krn
INFO 14-07-22 11:36:56 Extracted 08 contours from natmn028.krn
INFO 14-07-22 11:36:56 Extracted 14 contours from natmn029.krn
INFO 14-07-22 11:36:56 Extracted 16 contours from natmn030.krn
INFO 14-07-22 11:36:56 Extracted 04 contours from natmn031.krn
INFO 14-07-22 11:36:56 Extracted 10 contours from natmn032.krn
INFO 14-07-22 11:36:56 Extracted 06 contours from natmn033.krn
INFO 14-07-22 11:36:56 Extracted 02 contours from natmn034.krn
INFO 14-07-22 11:36:56 Extracted 06 contours from natmn035.krn
INFO 14-07-22 11:36:56 Extracted 03 contours from natmn036.krn
INFO 14-07-22 11:36:56 Extracted 13 contours from natmn037.krn
INFO 14-07-22 11:36:56 Extracted 02 contours from natmn038.krn
INFO 14-07-22 11:36:56 Extracted 08 contours from natmn039.krn
INFO 14-07-22 11:36:56 Extracted 02 contours from natmn040.krn
INFO 14-07-22 11:36:57 Extracted 03 contours from natmn041.krn
INFO 14-07-22 11:36:57 Extracted 00 contours from natmn042.krn
INFO 14-07-22 11:36:57 Extracted 05 contours from natmn043.krn
INFO 14-07-22 11:36:57 Extracted 02 contours from natmn044.krn
INFO 14-07-22 11:36:57 Extracted 04 contours from natmn045.krn
INFO 14-07-22 11:36:57 Extracted 29 contours from natmn046.krn
INFO 14-07-22 11:36:57 Extracted 18 contours from natmn047.krn
INFO 14-07-22 11:36:57 Extracted 04 contours from natmn048.krn
INFO 14-07-22 11:36:57 Extracted 03 contours from natmn049.krn
INFO 14-07-22 11:36:57 Extracted 03 contours from natmn050.krn
INFO 14-07-22 11:36:57 Extracted 18 contours from natmn051.krn
INFO 14-07-22 11:36:57 Extracted 06 contours from natmn052.krn
INFO 14-07-22 11:36:57 Extracted 02 contours from natmn053.krn
INFO 14-07-22 11:36:58 Extracted 10 contours from natmn054.krn
INFO 14-07-22 11:36:58 Extracted 02 contours from natmn055.krn
INFO 14-07-22 11:36:58 Extracted 03 contours from natmn056.krn
INFO 14-07-22 11:36:58 Extracted 01 contours from natmn057.krn
INFO 14-07-22 11:36:58 Extracted 08 contours from natmn058.krn
INFO 14-07-22 11:36:58 Extracted 03 contours from natmn059.krn
INFO 14-07-22 11:36:58 Extracted 03 contours from natmn060.krn
WARNING 14-07-22 11:36:58 Skipping natmn061: ufunc 'nextafter' not supported for the input types, and the inputs could not be safely coerced to any supported types according to the casting rule ''safe''
WARNING 14-07-22 11:36:58 Skipping natmn062: ufunc 'nextafter' not supported for the input types, and the inputs could not be safely coerced to any supported types according to the casting rule ''safe''
WARNING 14-07-22 11:36:58 Skipping natmn063: ufunc 'nextafter' not supported for the input types, and the inputs could not be safely coerced to any supported types according to the casting rule ''safe''
INFO 14-07-22 11:36:58 Extracted 04 contours from natmn064.krn
INFO 14-07-22 11:36:58 Extracted 05 contours from natmn065.krn
WARNING 14-07-22 11:36:58 Skipping natmn066: ufunc 'nextafter' not supported for the input types, and the inputs could not be safely coerced to any supported types according to the casting rule ''safe''
INFO 14-07-22 11:36:58 Extracted 02 contours from natmn067.krn
INFO 14-07-22 11:36:58 Extracted 00 contours from natmn068.krn
INFO 14-07-22 11:36:59 Extracted 07 contours from natmn069.krn
INFO 14-07-22 11:36:59 Extracted 02 contours from natmn070.krn
INFO 14-07-22 11:36:59 Extracted 03 contours from natmn071.krn
INFO 14-07-22 11:36:59 Extracted 02 contours from natmn072.krn
INFO 14-07-22 11:36:59 Extracted 03 contours from natmn073.krn
INFO 14-07-22 11:36:59 Extracted 05 contours from natmn074.krn
INFO 14-07-22 11:36:59 Extracted 01 contours from natmn075.krn
INFO 14-07-22 11:36:59 Extracted 07 contours from natmn076.krn
INFO 14-07-22 11:36:59 Extracted 07 contours from natmn077.krn
INFO 14-07-22 11:36:59 Extracted 10 contours from natmn078.krn
INFO 14-07-22 11:36:59 Extracted 12 contours from natmn079.krn
INFO 14-07-22 11:36:59 Extracted 03 contours from natmn080.krn
INFO 14-07-22 11:36:59 Extracted 00 contours from natmn081.krn
INFO 14-07-22 11:36:59 Extracted 08 contours from natmn082.krn
INFO 14-07-22 11:36:59 Extracted 07 contours from natmn083.krn
WARNING 14-07-22 11:37:00 Skipping natmn084: ufunc 'nextafter' not supported for the input types, and the inputs could not be safely coerced to any supported types according to the casting rule ''safe''
INFO 14-07-22 11:37:00 Extracted 01 contours from natmn085.krn
INFO 14-07-22 11:37:00 Extracted 02 contours from natmn086.krn
WARNING 14-07-22 11:37:00 Skipping natmn087: ufunc 'nextafter' not supported for the input types, and the inputs could not be safely coerced to any supported types according to the casting rule ''safe''
INFO 14-07-22 11:37:00 Extracted 12 contours from natmn088.krn
INFO 14-07-22 11:37:00 Extracted 23 contours from natmn089.krn
INFO 14-07-22 11:37:00 Extracted 03 contours from natmn090.krn
INFO 14-07-22 11:37:00 Extracted 07 contours from natmn091.krn
INFO 14-07-22 11:37:00 Extracted 02 contours from natmn092.krn
INFO 14-07-22 11:37:00 Extracted 01 contours from natmn093.krn
INFO 14-07-22 11:37:00 Extracted 03 contours from natmn094.krn
INFO 14-07-22 11:37:00 Extracted 03 contours from natmn095.krn
INFO 14-07-22 11:37:00 Extracted 01 contours from natmn096.krn
INFO 14-07-22 11:37:00 Extracted 02 contours from natmn097.krn
INFO 14-07-22 11:37:00 Extracted 01 contours from natmn098.krn
INFO 14-07-22 11:37:01 Extracted 02 contours from natmn099.krn
INFO 14-07-22 11:37:01 Extracted 04 contours from natmn100.krn
INFO 14-07-22 11:37:01 Extracted 02 contours from natmn101.krn
INFO 14-07-22 11:37:01 Extracted 05 contours from natmn102.krn
INFO 14-07-22 11:37:01 Extracted 02 contours from natmn103.krn
INFO 14-07-22 11:37:01 Extracted 02 contours from natmn104.krn
WARNING 14-07-22 11:37:01 Skipping natmn105: ufunc 'nextafter' not supported for the input types, and the inputs could not be safely coerced to any supported types according to the casting rule ''safe''
INFO 14-07-22 11:37:01 Extracted 05 contours from natmn106.krn
INFO 14-07-22 11:37:01 Extracted 00 contours from natmn107.krn
INFO 14-07-22 11:37:01 Extracted 01 contours from natmn108.krn
INFO 14-07-22 11:37:01 Extracted 03 contours from natmn109.krn
INFO 14-07-22 11:37:01 Extracted 02 contours from natmn110.krn
INFO 14-07-22 11:37:01 Extracted 00 contours from natmn111.krn
INFO 14-07-22 11:37:01 Extracted 00 contours from natmn112.krn
INFO 14-07-22 11:37:01 Extracted 01 contours from natmn113.krn
WARNING 14-07-22 11:37:01 Skipping natmn114: ufunc 'nextafter' not supported for the input types, and the inputs could not be safely coerced to any supported types according to the casting rule ''safe''
INFO 14-07-22 11:37:01 Extracted 06 contours from natmn115.krn
INFO 14-07-22 11:37:01 Extracted 05 contours from natmn116.krn
INFO 14-07-22 11:37:02 Extracted 02 contours from natmn117.krn
INFO 14-07-22 11:37:02 Extracted 00 contours from natmn118.krn
INFO 14-07-22 11:37:02 Extracted 01 contours from natmn119.krn
INFO 14-07-22 11:37:02 Extracted 00 contours from natmn120.krn
INFO 14-07-22 11:37:02 Extracted 01 contours from natmn121.krn
INFO 14-07-22 11:37:02 Extracted 01 contours from natmn122.krn
INFO 14-07-22 11:37:02 Extracted 01 contours from natmn123.krn
INFO 14-07-22 11:37:02 Extracted 01 contours from natmn124.krn
INFO 14-07-22 11:37:02 Extracted 22 contours from natmn125.krn
INFO 14-07-22 11:37:02 Extracted 16 contours from natmn126.krn
INFO 14-07-22 11:37:02 Extracted 06 contours from natmn127.krn
INFO 14-07-22 11:37:02 Extracted 13 contours from natmn128.krn
INFO 14-07-22 11:37:02 Extracted 00 contours from natmn129.krn
INFO 14-07-22 11:37:02 Extracted 03 contours from natmn130.krn
INFO 14-07-22 11:37:02 Extracted 01 contours from natmn131.krn
INFO 14-07-22 11:37:02 Extracted 01 contours from natmn132.krn
INFO 14-07-22 11:37:03 Extracted 01 contours from natmn133.krn
INFO 14-07-22 11:37:03 Extracted 03 contours from natmn134.krn
INFO 14-07-22 11:37:03 Extracted 01 contours from natmn135.krn
INFO 14-07-22 11:37:03 Extracted 02 contours from natmn136.krn
INFO 14-07-22 11:37:03 Extracted 05 contours from natmn137.krn
INFO 14-07-22 11:37:03 Extracted 01 contours from natmn138.krn
INFO 14-07-22 11:37:03 Extracted 02 contours from natmn139.krn
INFO 14-07-22 11:37:03 Extracted 02 contours from natmn140.krn
INFO 14-07-22 11:37:03 Extracted 10 contours from natmn141.krn
INFO 14-07-22 11:37:03 Extracted 02 contours from natmn142.krn
INFO 14-07-22 11:37:03 Extracted 01 contours from natmn143.krn
INFO 14-07-22 11:37:03 Extracted 01 contours from natmn144.krn
INFO 14-07-22 11:37:03 Extracted 01 contours from natmn145.krn
INFO 14-07-22 11:37:03 Extracted 01 contours from natmn146.krn
INFO 14-07-22 11:37:03 Extracted 02 contours from natmn147.krn
INFO 14-07-22 11:37:03 Extracted 01 contours from natmn148.krn
INFO 14-07-22 11:37:03 Extracted 02 contours from natmn149.krn
INFO 14-07-22 11:37:03 Extracted 02 contours from natmn150.krn
INFO 14-07-22 11:37:04 Extracted 00 contours from natmn151.krn
INFO 14-07-22 11:37:04 Extracted 01 contours from natmn152.krn
INFO 14-07-22 11:37:04 Extracted 00 contours from natmn153.krn
INFO 14-07-22 11:37:04 Extracted 02 contours from natmn154.krn
INFO 14-07-22 11:37:04 Extracted 03 contours from natmn155.krn
INFO 14-07-22 11:37:04 Extracted 02 contours from natmn156.krn
INFO 14-07-22 11:37:04 Extracted 07 contours from natmn157.krn
INFO 14-07-22 11:37:04 Extracted 04 contours from natmn158.krn
INFO 14-07-22 11:37:04 Extracted 08 contours from natmn159.krn
INFO 14-07-22 11:37:04 Extracted 03 contours from natmn160.krn
INFO 14-07-22 11:37:04 Extracted 02 contours from natmn161.krn
INFO 14-07-22 11:37:04 Extracted 02 contours from natmn162.krn
INFO 14-07-22 11:37:04 Extracted 04 contours from natmn163.krn
INFO 14-07-22 11:37:04 Extracted 04 contours from natmn164.krn
INFO 14-07-22 11:37:04 Extracted 07 contours from natmn165.krn
INFO 14-07-22 11:37:04 Extracted 03 contours from natmn166.krn
INFO 14-07-22 11:37:04 Extracted 03 contours from natmn167.krn
INFO 14-07-22 11:37:05 Extracted 04 contours from natmn168.krn
INFO 14-07-22 11:37:05 Extracted 05 contours from natmn169.krn
INFO 14-07-22 11:37:05 Extracted 06 contours from natmn170.krn
INFO 14-07-22 11:37:05 Extracted 07 contours from natmn171.krn
INFO 14-07-22 11:37:05 Extracted 04 contours from natmn172.krn
WARNING 14-07-22 11:37:05 Skipping natmn173: ufunc 'nextafter' not supported for the input types, and the inputs could not be safely coerced to any supported types according to the casting rule ''safe''
INFO 14-07-22 11:37:05 Extracted 07 contours from natmn174.krn
WARNING 14-07-22 11:37:05 Skipping natmn175: ufunc 'nextafter' not supported for the input types, and the inputs could not be safely coerced to any supported types according to the casting rule ''safe''
INFO 14-07-22 11:37:05 Extracted 04 contours from natmn176.krn
INFO 14-07-22 11:37:05 Extracted 01 contours from natmn177.krn
INFO 14-07-22 11:37:05 Extracted 04 contours from natmn178.krn
INFO 14-07-22 11:37:05 Extracted 08 contours from natmn179.krn
INFO 14-07-22 11:37:05 Extracted 05 contours from natmn180.krn
INFO 14-07-22 11:37:05 Extracted 05 contours from natmn181.krn
INFO 14-07-22 11:37:05 Extracted 02 contours from natmn182.krn
INFO 14-07-22 11:37:06 Extracted 09 contours from natmn183.krn
INFO 14-07-22 11:37:06 Extracted 08 contours from natmn184.krn
INFO 14-07-22 11:37:06 Extracted 04 contours from natmn185.krn
INFO 14-07-22 11:37:06 Extracted 06 contours from natmn186.krn
INFO 14-07-22 11:37:06 Extracted 10 contours from natmn187.krn
INFO 14-07-22 11:37:06 Extracted 02 contours from natmn188.krn
INFO 14-07-22 11:37:06 Extracted 01 contours from natmn189.krn
INFO 14-07-22 11:37:06 Extracted 06 contours from natmn190.krn
WARNING 14-07-22 11:37:06 Skipping natmn191: ufunc 'nextafter' not supported for the input types, and the inputs could not be safely coerced to any supported types according to the casting rule ''safe''
INFO 14-07-22 11:37:06 Extracted 01 contours from natmn192.krn
WARNING 14-07-22 11:37:06 Skipping natmn193: ufunc 'nextafter' not supported for the input types, and the inputs could not be safely coerced to any supported types according to the casting rule ''safe''
INFO 14-07-22 11:37:06 Extracted 02 contours from natmn194.krn
INFO 14-07-22 11:37:06 Extracted 14 contours from natmn195.krn
INFO 14-07-22 11:37:07 Extracted 05 contours from natmn196.krn
INFO 14-07-22 11:37:07 Extracted 06 contours from natmn197.krn
INFO 14-07-22 11:37:07 Extracted 07 contours from natmn198.krn
INFO 14-07-22 11:37:07 Extracted 04 contours from natmn199.krn
INFO 14-07-22 11:37:07 Extracted 02 contours from natmn200.krn
INFO 14-07-22 11:37:07 Extracted 03 contours from natmn201.krn
INFO 14-07-22 11:37:07 Extracted 05 contours from natmn202.krn
INFO 14-07-22 11:37:07 Extracted 03 contours from natmn203.krn
INFO 14-07-22 11:37:07 Extracted 07 contours from natmn204.krn
INFO 14-07-22 11:37:07 Extracted 13 contours from natmn205.krn
INFO 14-07-22 11:37:07 Extracted 04 contours from natmn206.krn
INFO 14-07-22 11:37:07 Mean length of random phrases: 10.94...
INFO 14-07-22 11:37:07 Stored random contours to contours/natmin-random-contours.csv.gz
INFO 14-07-22 11:37:07 md5 checksum: 2ace1e3571525072a2d29d07834673ab
INFO 14-07-22 11:37:07 >  Removed 1 duplicates; 889 contours left.
INFO 14-07-22 11:37:07 Stored shuffled outputs to contours/natmin-random-contours-indices.json
INFO 14-07-22 11:37:07 md5 checksum: 590b1ad9c5d7a1e333d03bfaae8f04a5
